0 info it worked if it ends with ok
1 verbose cli [ 'C:\\Program Files\\nodejs\\node.exe',
1 verbose cli   'C:\\Program Files\\nodejs\\node_modules\\npm\\bin\\npm-cli.js',
1 verbose cli   'run',
1 verbose cli   'tsc:w' ]
2 info using npm@3.8.3
3 info using node@v5.10.1
4 verbose run-script [ 'pretsc:w', 'tsc:w', 'posttsc:w' ]
5 info lifecycle jbart5@5.0.0-ng.alpha.1~pretsc:w: jbart5@5.0.0-ng.alpha.1
6 silly lifecycle jbart5@5.0.0-ng.alpha.1~pretsc:w: no script for pretsc:w, continuing
7 info lifecycle jbart5@5.0.0-ng.alpha.1~tsc:w: jbart5@5.0.0-ng.alpha.1
8 verbose lifecycle jbart5@5.0.0-ng.alpha.1~tsc:w: unsafe-perm in lifecycle true
9 verbose lifecycle jbart5@5.0.0-ng.alpha.1~tsc:w: PATH: C:\Program Files\nodejs\node_modules\npm\bin\node-gyp-bin;C:\jbart5-ng\node_modules\.bin;C:\Program Files\nodejs;C:\Program Files\nodejs\node_modules\npm\bin\node-gyp-bin;C:\jbart5-ng\node_modules\.bin;C:\Program Files\nodejs;C:\Program Files (x86)\Intel\iCLS Client\;C:\Program Files\Intel\iCLS Client\;C:\WINDOWS\system32;C:\WINDOWS;C:\WINDOWS\System32\Wbem;C:\WINDOWS\System32\WindowsPowerShell\v1.0\;C:\Program Files\Intel\Intel(R) Management Engine Components\DAL;C:\Program Files\Intel\Intel(R) Management Engine Components\IPT;C:\Program Files (x86)\Intel\Intel(R) Management Engine Components\DAL;C:\Program Files (x86)\Intel\Intel(R) Management Engine Components\IPT;C:\Program Files\Intel\WiFi\bin\;C:\Program Files\Common Files\Intel\WirelessCommon\;C:\Program Files\TortoiseGit\bin;c:\git\bin;c:\git\cmd;C:\Program Files\nodejs\;C:\Google\Cloud SDK\google-cloud-sdk\bin;C:\Users\Shai\AppData\Roaming\npm
10 verbose lifecycle jbart5@5.0.0-ng.alpha.1~tsc:w: CWD: C:\jbart5-ng
11 silly lifecycle jbart5@5.0.0-ng.alpha.1~tsc:w: Args: [ '/d /s /c', 'tsc -w' ]
12 silly lifecycle jbart5@5.0.0-ng.alpha.1~tsc:w: Returned: code: 1  signal: null
13 info lifecycle jbart5@5.0.0-ng.alpha.1~tsc:w: Failed to exec tsc:w script
14 verbose stack Error: jbart5@5.0.0-ng.alpha.1 tsc:w: `tsc -w`
14 verbose stack Exit status 1
14 verbose stack     at EventEmitter.<anonymous> (C:\Program Files\nodejs\node_modules\npm\lib\utils\lifecycle.js:239:16)
14 verbose stack     at emitTwo (events.js:100:13)
14 verbose stack     at EventEmitter.emit (events.js:185:7)
14 verbose stack     at ChildProcess.<anonymous> (C:\Program Files\nodejs\node_modules\npm\lib\utils\spawn.js:24:14)
14 verbose stack     at emitTwo (events.js:100:13)
14 verbose stack     at ChildProcess.emit (events.js:185:7)
14 verbose stack     at maybeClose (internal/child_process.js:850:16)
14 verbose stack     at Process.ChildProcess._handle.onexit (internal/child_process.js:215:5)
15 verbose pkgid jbart5@5.0.0-ng.alpha.1
16 verbose cwd C:\jbart5-ng
17 error Windows_NT 10.0.10586
18 error argv "C:\\Program Files\\nodejs\\node.exe" "C:\\Program Files\\nodejs\\node_modules\\npm\\bin\\npm-cli.js" "run" "tsc:w"
19 error node v5.10.1
20 error npm  v3.8.3
21 error code ELIFECYCLE
22 error jbart5@5.0.0-ng.alpha.1 tsc:w: `tsc -w`
22 error Exit status 1
23 error Failed at the jbart5@5.0.0-ng.alpha.1 tsc:w script 'tsc -w'.
23 error Make sure you have the latest version of node.js and npm installed.
23 error If you do, this is most likely a problem with the jbart5 package,
23 error not with npm itself.
23 error Tell the author that this fails on your system:
23 error     tsc -w
23 error You can get information on how to open an issue for this project with:
23 error     npm bugs jbart5
23 error Or if that isn't available, you can get their info via:
23 error     npm owner ls jbart5
23 error There is likely additional logging output above.
24 verbose exit [ 1, true ]
